#
# There is insufficient memory for the Java Runtime Environment to continue.
# Cannot create worker GC thread. Out of system resources.
# Possible reasons:
#   The system is out of physical RAM or swap space
#   The process is running with CompressedOops enabled, and the Java Heap may be blocking the growth of the native heap
# Possible solutions:
#   Reduce memory load on the system
#   Increase physical memory or swap space
#   Check if swap backing store is full
#   Decrease Java heap size (-Xmx/-Xms)
#   Decrease number of Java threads
#   Decrease Java thread stack sizes (-Xss)
#   Set larger code cache with -XX:ReservedCodeCacheSize=
#   JVM is running with Unscaled Compressed Oops mode in which the Java heap is
#     placed in the first 4GB address space. The Java Heap base address is the
#     maximum limit for the native heap growth. Please use -XX:HeapBaseMinAddress
#     to set the Java Heap base and to place the Java Heap above 4GB virtual address.
# This output file may be truncated or incomplete.
#
#  Out of Memory Error (workerManager.hpp:87), pid=121821, tid=121822
#
# JRE version:  (17.0.4.1+1) (build )
# Java VM: OpenJDK 64-Bit Server VM (17.0.4.1+1, mixed mode, sharing, tiered, compressed oops, compressed class ptrs, parallel gc, linux-amd64)
# No core dump will be written. Core dumps have been disabled. To enable core dumping, try "ulimit -c unlimited" before starting Java again
#

---------------  S U M M A R Y ------------

Command Line: --add-modules=ALL-SYSTEM --add-opens=java.base/java.util=ALL-UNNAMED --add-opens=java.base/java.lang=ALL-UNNAMED --add-opens=java.base/sun.nio.fs=ALL-UNNAMED -Declipse.application=org.eclipse.jdt.ls.core.id1 -Dosgi.bundles.defaultStartLevel=4 -Declipse.product=org.eclipse.jdt.ls.core.product -Djava.import.generatesMetadataFilesAtProjectRoot=false -Dfile.encoding=utf8 -XX:+UseParallelGC -XX:GCTimeRatio=4 -XX:AdaptiveSizePolicyWeight=90 -Dsun.zip.disableMemoryMapping=true -Xmx1G -Xms100m -Xlog:disable -javaagent:/afs/ms/u/b/bohatovz/.vscode/extensions/redhat.java-1.11.0-linux-x64/lombok/lombok-1.18.24.jar -XX:+HeapDumpOnOutOfMemoryError -XX:HeapDumpPath=/afs/ms/u/b/bohatovz/.config/Code/User/workspaceStorage/553541d936c11a26dd9373cf7dd44114/redhat.java /afs/ms.mff.cuni.cz/u/b/bohatovz/.vscode/extensions/redhat.java-1.11.0-linux-x64/server/plugins/org.eclipse.equinox.launcher_1.6.400.v20210924-0641.jar -configuration /afs/ms/u/b/bohatovz/.config/Code/User/globalStorage/redhat.java/1.11.0/config_linux -data /afs/ms/u/b/bohatovz/.config/Code/User/workspaceStorage/553541d936c11a26dd9373cf7dd44114/redhat.java/jdt_ws

Host: Intel(R) Core(TM) i7-6700 CPU @ 3.40GHz, 8 cores, 15G, DISTRIB_ID="Gentoo"
Time: Tue Oct  4 15:50:30 2022 CEST elapsed time: 0.005368 seconds (0d 0h 0m 0s)

---------------  T H R E A D  ---------------

Current thread (0x00007f8548026070):  JavaThread "Unknown thread" [_thread_in_vm, id=121822, stack(0x00007f854ff2a000,0x00007f855002a000)]

Stack: [0x00007f854ff2a000,0x00007f855002a000],  sp=0x00007f8550028560,  free space=1017k
Native frames: (J=compiled Java code, j=interpreted, Vv=VM code, C=native code)
V  [libjvm.so+0xed8f51]  VMError::report_and_die(int, char const*, char const*, __va_list_tag*, Thread*, unsigned char*, void*, void*, char const*, int, unsigned long)+0x1a1
V  [libjvm.so+0xed9b1d]  VMError::report_and_die(Thread*, char const*, int, unsigned long, VMErrorType, char const*, __va_list_tag*)+0x2d
V  [libjvm.so+0x603823]  report_vm_out_of_memory(char const*, int, unsigned long, VMErrorType, char const*, ...)+0xc3
V  [libjvm.so+0xf0d14f]  WorkerManager::add_workers(WorkGang*, unsigned int, unsigned int, unsigned int, os::ThreadType, bool)+0x18f
V  [libjvm.so+0xf0d2ea]  WorkGang::initialize_workers()+0x4a
V  [libjvm.so+0xc32ead]  ParallelScavengeHeap::initialize()+0x15d
V  [libjvm.so+0xe87502]  universe_init()+0xd2
V  [libjvm.so+0x7f5bd7]  init_globals()+0x37
V  [libjvm.so+0xe5e6f0]  Threads::create_vm(JavaVMInitArgs*, bool*)+0x3a0
V  [libjvm.so+0x8b3122]  JNI_CreateJavaVM+0x52
C  [libjli.so+0x4a1f]  JavaMain+0x8f
C  [libjli.so+0x8e79]  ThreadJavaMain+0x9


---------------  P R O C E S S  ---------------

Threads class SMR info:
_java_thread_list=0x00007f855143c3a0, length=0, elements={
}

Java Threads: ( => current thread )

Other Threads:

=>0x00007f8548026070 (exited) JavaThread "Unknown thread" [_thread_in_vm, id=121822, stack(0x00007f854ff2a000,0x00007f855002a000)]

Threads with active compile tasks:

VM state: not at safepoint (not fully initialized)

VM Mutex/Monitor currently owned by a thread: None

Heap address: 0x00000000c0000000, size: 1024 MB, Compressed Oops mode: 32-bit

CDS archive(s) mapped at: [0x0000000000000000-0x0000000000000000-0x0000000000000000), size 0, SharedBaseAddress: 0x0000000800000000, ArchiveRelocationMode: 0.
Narrow klass base: 0x0000000000000000, Narrow klass shift: 0, Narrow klass range: 0x0

GC Precious Log:
<Empty>

Heap:

[error occurred during error reporting (printing heap information), id 0xb, SIGSEGV (0xb) at pc=0x00007f8550dc1a0a]

GC Heap History (0 events):
No events

Deoptimization events (0 events):
No events

Classes unloaded (0 events):
No events

Classes redefined (0 events):
No events

Internal exceptions (0 events):
No events

VM Operations (0 events):
No events

Events (2 events):
Event: 0.003 Protecting memory [0x00007f854ff2a000,0x00007f854ff2e000] with protection modes 0
Event: 0.003 Loaded shared library /afs/ms.mff.cuni.cz/u/b/bohatovz/.vscode/extensions/redhat.java-1.11.0-linux-x64/jre/17.0.4.1-linux-x86_64/lib/libjava.so


Dynamic libraries:
c0000000-100000000 ---p 00000000 00:00 0 
55c9a1ef3000-55c9a1ef4000 r--p 00000000 00:1f 984693784                  /afs/ms.mff.cuni.cz/u/b/bohatovz/.vscode/extensions/redhat.java-1.11.0-linux-x64/jre/17.0.4.1-linux-x86_64/bin/java
55c9a1ef4000-55c9a1ef5000 r-xp 00001000 00:1f 984693784                  /afs/ms.mff.cuni.cz/u/b/bohatovz/.vscode/extensions/redhat.java-1.11.0-linux-x64/jre/17.0.4.1-linux-x86_64/bin/java
55c9a1ef5000-55c9a1ef6000 r--p 00002000 00:1f 984693784                  /afs/ms.mff.cuni.cz/u/b/bohatovz/.vscode/extensions/redhat.java-1.11.0-linux-x64/jre/17.0.4.1-linux-x86_64/bin/java
55c9a1ef6000-55c9a1ef7000 r--p 00002000 00:1f 984693784                  /afs/ms.mff.cuni.cz/u/b/bohatovz/.vscode/extensions/redhat.java-1.11.0-linux-x64/jre/17.0.4.1-linux-x86_64/bin/java
55c9a1ef7000-55c9a1ef8000 rw-p 00003000 00:1f 984693784                  /afs/ms.mff.cuni.cz/u/b/bohatovz/.vscode/extensions/redhat.java-1.11.0-linux-x64/jre/17.0.4.1-linux-x86_64/bin/java
55c9a2c16000-55c9a2c37000 rw-p 00000000 00:00 0                          [heap]
7f8539000000-7f8539270000 rwxp 00000000 00:00 0 
7f8539270000-7f8539592000 ---p 00000000 00:00 0 
7f8539592000-7f8539802000 rwxp 00000000 00:00 0 
7f8539802000-7f8540ac9000 ---p 00000000 00:00 0 
7f8540ac9000-7f8540d39000 rwxp 00000000 00:00 0 
7f8540d39000-7f8548000000 ---p 00000000 00:00 0 
7f8548000000-7f8548049000 rw-p 00000000 00:00 0 
7f8548049000-7f854c000000 ---p 00000000 00:00 0 
7f854c9aa000-7f854cd95000 rw-p 00000000 00:00 0 
7f854cd95000-7f854cd96000 ---p 00000000 00:00 0 
7f854cd96000-7f854ce97000 rw-p 00000000 00:00 0 
7f854ce97000-7f854d097000 ---p 00000000 00:00 0 
7f854d097000-7f854d09d000 rw-p 00000000 00:00 0 
7f854d09d000-7f854d183000 ---p 00000000 00:00 0 
7f854d183000-7f854d188000 rw-p 00000000 00:00 0 
7f854d188000-7f854d26e000 ---p 00000000 00:00 0 
7f854d26e000-7f854d31a000 r--s 00000000 08:06 3539732                    /var/db/nscd/passwd
7f854d31a000-7f854ff2a000 r--s 00000000 00:1f 984694576                  /afs/ms.mff.cuni.cz/u/b/bohatovz/.vscode/extensions/redhat.java-1.11.0-linux-x64/jre/17.0.4.1-linux-x86_64/lib/modules
7f854ff2a000-7f854ff2e000 ---p 00000000 00:00 0 
7f854ff2e000-7f855002a000 rw-p 00000000 00:00 0 
7f855002a000-7f8550038000 r--p 00000000 08:06 3158002                    /lib64/libm.so.6
7f8550038000-7f85500a7000 r-xp 0000e000 08:06 3158002                    /lib64/libm.so.6
7f85500a7000-7f8550103000 r--p 0007d000 08:06 3158002                    /lib64/libm.so.6
7f8550103000-7f8550104000 r--p 000d8000 08:06 3158002                    /lib64/libm.so.6
7f8550104000-7f8550105000 rw-p 000d9000 08:06 3158002                    /lib64/libm.so.6
7f8550105000-7f8550106000 r--p 00000000 08:06 3158868                    /lib64/librt.so.1
7f8550106000-7f8550107000 r-xp 00001000 08:06 3158868                    /lib64/librt.so.1
7f8550107000-7f8550108000 r--p 00002000 08:06 3158868                    /lib64/librt.so.1
7f8550108000-7f8550109000 r--p 00002000 08:06 3158868                    /lib64/librt.so.1
7f8550109000-7f855010a000 rw-p 00003000 08:06 3158868                    /lib64/librt.so.1
7f855010a000-7f855035b000 r--p 00000000 00:1f 984695412                  /afs/ms.mff.cuni.cz/u/b/bohatovz/.vscode/extensions/redhat.java-1.11.0-linux-x64/jre/17.0.4.1-linux-x86_64/lib/server/libjvm.so
7f855035b000-7f8551074000 r-xp 00251000 00:1f 984695412                  /afs/ms.mff.cuni.cz/u/b/bohatovz/.vscode/extensions/redhat.java-1.11.0-linux-x64/jre/17.0.4.1-linux-x86_64/lib/server/libjvm.so
7f8551074000-7f85512ff000 r--p 00f6a000 00:1f 984695412                  /afs/ms.mff.cuni.cz/u/b/bohatovz/.vscode/extensions/redhat.java-1.11.0-linux-x64/jre/17.0.4.1-linux-x86_64/lib/server/libjvm.so
7f85512ff000-7f85513b8000 r--p 011f4000 00:1f 984695412                  /afs/ms.mff.cuni.cz/u/b/bohatovz/.vscode/extensions/redhat.java-1.11.0-linux-x64/jre/17.0.4.1-linux-x86_64/lib/server/libjvm.so
7f85513b8000-7f85513ed000 rw-p 012ad000 00:1f 984695412                  /afs/ms.mff.cuni.cz/u/b/bohatovz/.vscode/extensions/redhat.java-1.11.0-linux-x64/jre/17.0.4.1-linux-x86_64/lib/server/libjvm.so
7f85513ed000-7f855144a000 rw-p 00000000 00:00 0 
7f855144a000-7f8551472000 r--p 00000000 08:06 3148149                    /lib64/libc.so.6
7f8551472000-7f85515e2000 r-xp 00028000 08:06 3148149                    /lib64/libc.so.6
7f85515e2000-7f855163a000 r--p 00198000 08:06 3148149                    /lib64/libc.so.6
7f855163a000-7f855163b000 ---p 001f0000 08:06 3148149                    /lib64/libc.so.6
7f855163b000-7f855163f000 r--p 001f0000 08:06 3148149                    /lib64/libc.so.6
7f855163f000-7f8551641000 rw-p 001f4000 08:06 3148149                    /lib64/libc.so.6
7f8551641000-7f855164e000 rw-p 00000000 00:00 0 
7f855164e000-7f855164f000 r--p 00000000 08:06 3157875                    /lib64/libdl.so.2
7f855164f000-7f8551650000 r-xp 00001000 08:06 3157875                    /lib64/libdl.so.2
7f8551650000-7f8551651000 r--p 00002000 08:06 3157875                    /lib64/libdl.so.2
7f8551651000-7f8551652000 r--p 00002000 08:06 3157875                    /lib64/libdl.so.2
7f8551652000-7f8551653000 rw-p 00003000 08:06 3157875                    /lib64/libdl.so.2
7f8551653000-7f8551654000 r--p 00000000 08:06 3148297                    /lib64/libpthread.so.0
7f8551654000-7f8551655000 r-xp 00001000 08:06 3148297                    /lib64/libpthread.so.0
7f8551655000-7f8551656000 r--p 00002000 08:06 3148297                    /lib64/libpthread.so.0
7f8551656000-7f8551657000 r--p 00002000 08:06 3148297                    /lib64/libpthread.so.0
7f8551657000-7f8551658000 rw-p 00003000 08:06 3148297                    /lib64/libpthread.so.0
7f8551658000-7f855165b000 r--p 00000000 00:1f 984694542                  /afs/ms.mff.cuni.cz/u/b/bohatovz/.vscode/extensions/redhat.java-1.11.0-linux-x64/jre/17.0.4.1-linux-x86_64/lib/libjli.so
7f855165b000-7f8551665000 r-xp 00003000 00:1f 984694542                  /afs/ms.mff.cuni.cz/u/b/bohatovz/.vscode/extensions/redhat.java-1.11.0-linux-x64/jre/17.0.4.1-linux-x86_64/lib/libjli.so
7f8551665000-7f8551668000 r--p 0000d000 00:1f 984694542                  /afs/ms.mff.cuni.cz/u/b/bohatovz/.vscode/extensions/redhat.java-1.11.0-linux-x64/jre/17.0.4.1-linux-x86_64/lib/libjli.so
7f8551668000-7f8551669000 ---p 00010000 00:1f 984694542                  /afs/ms.mff.cuni.cz/u/b/bohatovz/.vscode/extensions/redhat.java-1.11.0-linux-x64/jre/17.0.4.1-linux-x86_64/lib/libjli.so
7f8551669000-7f855166a000 r--p 00010000 00:1f 984694542                  /afs/ms.mff.cuni.cz/u/b/bohatovz/.vscode/extensions/redhat.java-1.11.0-linux-x64/jre/17.0.4.1-linux-x86_64/lib/libjli.so
7f855166a000-7f855166b000 rw-p 00011000 00:1f 984694542                  /afs/ms.mff.cuni.cz/u/b/bohatovz/.vscode/extensions/redhat.java-1.11.0-linux-x64/jre/17.0.4.1-linux-x86_64/lib/libjli.so
7f855166b000-7f855166e000 r--p 00000000 08:06 3148971                    /lib64/libz.so.1.2.12
7f855166e000-7f855167d000 r-xp 00003000 08:06 3148971                    /lib64/libz.so.1.2.12
7f855167d000-7f8551684000 r--p 00012000 08:06 3148971                    /lib64/libz.so.1.2.12
7f8551684000-7f8551685000 r--p 00018000 08:06 3148971                    /lib64/libz.so.1.2.12
7f8551685000-7f8551686000 rw-p 00019000 08:06 3148971                    /lib64/libz.so.1.2.12
7f8551692000-7f8551697000 rw-p 00000000 00:00 0 
7f8551697000-7f855169e000 ---p 00000000 00:00 0 
7f855169e000-7f85516a6000 rw-s 00000000 08:06 3277822                    /tmp/hsperfdata_bohatovz/121821
7f85516a6000-7f85516b3000 r--p 00000000 00:1f 984694524                  /afs/ms.mff.cuni.cz/u/b/bohatovz/.vscode/extensions/redhat.java-1.11.0-linux-x64/jre/17.0.4.1-linux-x86_64/lib/libjava.so
7f85516b3000-7f85516c5000 r-xp 0000d000 00:1f 984694524                  /afs/ms.mff.cuni.cz/u/b/bohatovz/.vscode/extensions/redhat.java-1.11.0-linux-x64/jre/17.0.4.1-linux-x86_64/lib/libjava.so
7f85516c5000-7f85516cb000 r--p 0001f000 00:1f 984694524                  /afs/ms.mff.cuni.cz/u/b/bohatovz/.vscode/extensions/redhat.java-1.11.0-linux-x64/jre/17.0.4.1-linux-x86_64/lib/libjava.so
7f85516cb000-7f85516cc000 ---p 00025000 00:1f 984694524                  /afs/ms.mff.cuni.cz/u/b/bohatovz/.vscode/extensions/redhat.java-1.11.0-linux-x64/jre/17.0.4.1-linux-x86_64/lib/libjava.so
7f85516cc000-7f85516cd000 r--p 00025000 00:1f 984694524                  /afs/ms.mff.cuni.cz/u/b/bohatovz/.vscode/extensions/redhat.java-1.11.0-linux-x64/jre/17.0.4.1-linux-x86_64/lib/libjava.so
7f85516cd000-7f85516ce000 rw-p 00026000 00:1f 984694524                  /afs/ms.mff.cuni.cz/u/b/bohatovz/.vscode/extensions/redhat.java-1.11.0-linux-x64/jre/17.0.4.1-linux-x86_64/lib/libjava.so
7f85516ce000-7f85516cf000 rw-p 00000000 00:00 0 
7f85516cf000-7f85516d1000 r--p 00000000 00:1f 984694506                  /afs/ms.mff.cuni.cz/u/b/bohatovz/.vscode/extensions/redhat.java-1.11.0-linux-x64/jre/17.0.4.1-linux-x86_64/lib/libinstrument.so
7f85516d1000-7f85516d7000 r-xp 00002000 00:1f 984694506                  /afs/ms.mff.cuni.cz/u/b/bohatovz/.vscode/extensions/redhat.java-1.11.0-linux-x64/jre/17.0.4.1-linux-x86_64/lib/libinstrument.so
7f85516d7000-7f85516da000 r--p 00008000 00:1f 984694506                  /afs/ms.mff.cuni.cz/u/b/bohatovz/.vscode/extensions/redhat.java-1.11.0-linux-x64/jre/17.0.4.1-linux-x86_64/lib/libinstrument.so
7f85516da000-7f85516db000 r--p 0000a000 00:1f 984694506                  /afs/ms.mff.cuni.cz/u/b/bohatovz/.vscode/extensions/redhat.java-1.11.0-linux-x64/jre/17.0.4.1-linux-x86_64/lib/libinstrument.so
7f85516db000-7f85516dc000 rw-p 0000b000 00:1f 984694506                  /afs/ms.mff.cuni.cz/u/b/bohatovz/.vscode/extensions/redhat.java-1.11.0-linux-x64/jre/17.0.4.1-linux-x86_64/lib/libinstrument.so
7f85516dc000-7f85516dd000 ---p 00000000 00:00 0 
7f85516dd000-7f85516de000 r--p 00000000 00:00 0 
7f85516de000-7f85516e2000 r--p 00000000 00:1f 984694540                  /afs/ms.mff.cuni.cz/u/b/bohatovz/.vscode/extensions/redhat.java-1.11.0-linux-x64/jre/17.0.4.1-linux-x86_64/lib/libjimage.so
7f85516e2000-7f85516f5000 r-xp 00004000 00:1f 984694540                  /afs/ms.mff.cuni.cz/u/b/bohatovz/.vscode/extensions/redhat.java-1.11.0-linux-x64/jre/17.0.4.1-linux-x86_64/lib/libjimage.so
7f85516f5000-7f85516fb000 r--p 00017000 00:1f 984694540                  /afs/ms.mff.cuni.cz/u/b/bohatovz/.vscode/extensions/redhat.java-1.11.0-linux-x64/jre/17.0.4.1-linux-x86_64/lib/libjimage.so
7f85516fb000-7f85516fd000 r--p 0001c000 00:1f 984694540                  /afs/ms.mff.cuni.cz/u/b/bohatovz/.vscode/extensions/redhat.java-1.11.0-linux-x64/jre/17.0.4.1-linux-x86_64/lib/libjimage.so
7f85516fd000-7f85516fe000 rw-p 0001e000 00:1f 984694540                  /afs/ms.mff.cuni.cz/u/b/bohatovz/.vscode/extensions/redhat.java-1.11.0-linux-x64/jre/17.0.4.1-linux-x86_64/lib/libjimage.so
7f85516fe000-7f8551700000 rw-p 00000000 00:00 0 
7f8551700000-7f8551702000 r--p 00000000 08:06 3146281                    /lib64/ld-linux-x86-64.so.2
7f8551702000-7f8551728000 r-xp 00002000 08:06 3146281                    /lib64/ld-linux-x86-64.so.2
7f8551728000-7f8551733000 r--p 00028000 08:06 3146281                    /lib64/ld-linux-x86-64.so.2
7f8551733000-7f8551734000 ---p 00000000 00:00 0 
7f8551734000-7f8551736000 r--p 00033000 08:06 3146281                    /lib64/ld-linux-x86-64.so.2
7f8551736000-7f8551738000 rw-p 00035000 08:06 3146281                    /lib64/ld-linux-x86-64.so.2
7ffdc6a9c000-7ffdc6abf000 rw-p 00000000 00:00 0                          [stack]
7ffdc6b1b000-7ffdc6b1f000 r--p 00000000 00:00 0                          [vvar]
7ffdc6b1f000-7ffdc6b20000 r-xp 00000000 00:00 0                          [vdso]
ffffffffff600000-ffffffffff601000 --xp 00000000 00:00 0                  [vsyscall]


VM Arguments:
jvm_args: --add-modules=ALL-SYSTEM --add-opens=java.base/java.util=ALL-UNNAMED --add-opens=java.base/java.lang=ALL-UNNAMED --add-opens=java.base/sun.nio.fs=ALL-UNNAMED -Declipse.application=org.eclipse.jdt.ls.core.id1 -Dosgi.bundles.defaultStartLevel=4 -Declipse.product=org.eclipse.jdt.ls.core.product -Djava.import.generatesMetadataFilesAtProjectRoot=false -Dfile.encoding=utf8 -XX:+UseParallelGC -XX:GCTimeRatio=4 -XX:AdaptiveSizePolicyWeight=90 -Dsun.zip.disableMemoryMapping=true -Xmx1G -Xms100m -Xlog:disable -javaagent:/afs/ms/u/b/bohatovz/.vscode/extensions/redhat.java-1.11.0-linux-x64/lombok/lombok-1.18.24.jar -XX:+HeapDumpOnOutOfMemoryError -XX:HeapDumpPath=/afs/ms/u/b/bohatovz/.config/Code/User/workspaceStorage/553541d936c11a26dd9373cf7dd44114/redhat.java 
java_command: /afs/ms.mff.cuni.cz/u/b/bohatovz/.vscode/extensions/redhat.java-1.11.0-linux-x64/server/plugins/org.eclipse.equinox.launcher_1.6.400.v20210924-0641.jar -configuration /afs/ms/u/b/bohatovz/.config/Code/User/globalStorage/redhat.java/1.11.0/config_linux -data /afs/ms/u/b/bohatovz/.config/Code/User/workspaceStorage/553541d936c11a26dd9373cf7dd44114/redhat.java/jdt_ws
java_class_path (initial): /afs/ms.mff.cuni.cz/u/b/bohatovz/.vscode/extensions/redhat.java-1.11.0-linux-x64/server/plugins/org.eclipse.equinox.launcher_1.6.400.v20210924-0641.jar
Launcher Type: SUN_STANDARD

[Global flags]
    uintx AdaptiveSizePolicyWeight                 = 90                                        {product} {command line}
     intx CICompilerCount                          = 4                                         {product} {ergonomic}
    uintx GCTimeRatio                              = 4                                         {product} {command line}
     bool HeapDumpOnOutOfMemoryError               = true                                   {manageable} {command line}
    ccstr HeapDumpPath                             = /afs/ms/u/b/bohatovz/.config/Code/User/workspaceStorage/553541d936c11a26dd9373cf7dd44114/redhat.java         {manageable} {command line}
   size_t InitialHeapSize                          = 104857600                                 {product} {command line}
   size_t MaxHeapSize                              = 1073741824                                {product} {command line}
   size_t MaxNewSize                               = 357564416                                 {product} {ergonomic}
   size_t MinHeapDeltaBytes                        = 524288                                    {product} {ergonomic}
   size_t MinHeapSize                              = 104857600                                 {product} {command line}
   size_t NewSize                                  = 34603008                                  {product} {ergonomic}
    uintx NonNMethodCodeHeapSize                   = 5839372                                {pd product} {ergonomic}
    uintx NonProfiledCodeHeapSize                  = 122909434                              {pd product} {ergonomic}
   size_t OldSize                                  = 70254592                                  {product} {ergonomic}
    uintx ProfiledCodeHeapSize                     = 122909434                              {pd product} {ergonomic}
    uintx ReservedCodeCacheSize                    = 251658240                              {pd product} {ergonomic}
     bool SegmentedCodeCache                       = true                                      {product} {ergonomic}
   size_t SoftMaxHeapSize                          = 1073741824                             {manageable} {ergonomic}
     bool UseCompressedClassPointers               = true                           {product lp64_product} {ergonomic}
     bool UseCompressedOops                        = true                           {product lp64_product} {ergonomic}
     bool UseParallelGC                            = true                                      {product} {command line}

Logging:
Log output configuration:
 #0: stdout all=off uptime,level,tags
 #1: stderr all=off uptime,level,tags

Environment Variables:
JAVA_HOME=/etc/java-config-2/current-system-vm
PATH=/afs/ms/@sys/bin:/usr/afsws/bin:/usr/local/sbin:/usr/local/bin:/usr/sbin:/usr/bin:/sbin:/bin:/opt/bin:/usr/lib/llvm/15/bin:/usr/lib/llvm/14/bin:/usr/lib/llvm/13/bin:/opt/android-sdk/tools:/opt/android-sdk/platform-tools:/opt/nvidia-cg-toolkit/bin:/usr/lib64/subversion/bin:/opt/cuda/bin:/usr/lib64/opencascade/bin:/var/lib/bin:/etc/java-config-2/current-system-vm/bin
LD_LIBRARY_PATH=/afs/ms/@sys/lib:/usr/afsws/lib
SHELL=/bin/bash
DISPLAY=:0.0
LC_CTYPE=cs_CZ.UTF-8
TMPDIR=/tmp/u/bohatovz
TMP=/tmp/u/bohatovz

Signal Handlers:
   SIGSEGV: crash_handler in libjvm.so, mask=11100100010111111101111111111110, flags=SA_RESTART|SA_SIGINFO
    SIGBUS: crash_handler in libjvm.so, mask=11100100010111111101111111111110, flags=SA_RESTART|SA_SIGINFO
    SIGFPE: crash_handler in libjvm.so, mask=11100100010111111101111111111110, flags=SA_RESTART|SA_SIGINFO
   SIGPIPE: javaSignalHandler in libjvm.so, mask=11100100010111111101111111111110, flags=SA_RESTART|SA_SIGINFO
   SIGXFSZ: javaSignalHandler in libjvm.so, mask=11100100010111111101111111111110, flags=SA_RESTART|SA_SIGINFO
    SIGILL: crash_handler in libjvm.so, mask=11100100010111111101111111111110, flags=SA_RESTART|SA_SIGINFO
   SIGUSR2: SR_handler in libjvm.so, mask=00000000000000000000000000000000, flags=SA_RESTART|SA_SIGINFO
    SIGHUP: SIG_DFL, mask=00000000000000000000000000000000, flags=none
    SIGINT: SIG_DFL, mask=00000000000000000000000000000000, flags=none
   SIGTERM: SIG_DFL, mask=00000000000000000000000000000000, flags=none
   SIGQUIT: javaSignalHandler in libjvm.so, mask=11100100010111111101111111111110, flags=SA_RESTART|SA_SIGINFO
   SIGTRAP: crash_handler in libjvm.so, mask=11100100010111111101111111111110, flags=SA_RESTART|SA_SIGINFO


---------------  S Y S T E M  ---------------

OS:
DISTRIB_ID="Gentoo"
uname: Linux 5.15.69 #1 SMP PREEMPT Wed Sep 21 17:56:45 CEST 2022 x86_64
OS uptime: 10 days 15:20 hours
libc: glibc 2.35 NPTL 2.35 
rlimit (soft/hard): STACK 8192k/infinity , CORE 0k/infinity , NPROC 1000/63170 , NOFILE 8192/8192 , AS infinity/infinity , CPU 7200/infinity , DATA infinity/infinity , FSIZE infinity/infinity , MEMLOCK 40960k/1048576k
load average: 1.94 0.85 0.54

/proc/meminfo:
MemTotal:       16186084 kB
MemFree:          168956 kB
MemAvailable:   11963448 kB
Buffers:         1990900 kB
Cached:          6429896 kB
SwapCached:          116 kB
Active:          3518112 kB
Inactive:        6861864 kB
Active(anon):      15348 kB
Inactive(anon):  2602700 kB
Active(file):    3502764 kB
Inactive(file):  4259164 kB
Unevictable:      414148 kB
Mlocked:           13016 kB
SwapTotal:      10485756 kB
SwapFree:       10479356 kB
Dirty:               220 kB
Writeback:             0 kB
AnonPages:       2315656 kB
Mapped:           769420 kB
Shmem:            644720 kB
KReclaimable:    4370068 kB
Slab:            4527236 kB
SReclaimable:    4370068 kB
SUnreclaim:       157168 kB
KernelStack:       20112 kB
PageTables:        55128 kB
NFS_Unstable:          0 kB
Bounce:                0 kB
WritebackTmp:          0 kB
CommitLimit:    18578796 kB
Committed_AS:   13488752 kB
VmallocTotal:   34359738367 kB
VmallocUsed:      552304 kB
VmallocChunk:          0 kB
Percpu:             2432 kB
AnonHugePages:    348160 kB
ShmemHugePages:        0 kB
ShmemPmdMapped:        0 kB
FileHugePages:         0 kB
FilePmdMapped:         0 kB
CmaTotal:              0 kB
CmaFree:               0 kB
HugePages_Total:       0
HugePages_Free:        0
HugePages_Rsvd:        0
HugePages_Surp:        0
Hugepagesize:       2048 kB
Hugetlb:               0 kB
DirectMap4k:      848588 kB
DirectMap2M:    13611008 kB
DirectMap1G:     2097152 kB

/sys/kernel/mm/transparent_hugepage/enabled: [always] madvise never
/sys/kernel/mm/transparent_hugepage/defrag (defrag/compaction efforts parameter): always defer defer+madvise [madvise] never

Process Memory:
Virtual Size: 1439552K (peak: 1439552K)
Resident Set Size: 19440K (peak: 19440K) (anon: 7576K, file: 11864K, shmem: 0K)
Swapped out: 0K
C-Heap outstanding allocations: 4391K, retained: 64K
glibc malloc tunables: (default)

/proc/sys/kernel/threads-max (system-wide limit on the number of threads): 126341
/proc/sys/vm/max_map_count (maximum number of memory map areas a process may have): 65530
/proc/sys/kernel/pid_max (system-wide limit on number of process identifiers): 257256

container information not found.
Steal ticks since vm start: 0
Steal ticks percentage since vm start:  0.000

CPU: total 8 (initial active 8) (4 cores per cpu, 2 threads per core) family 6 model 94 stepping 3 microcode 0xf0, cx8, cmov, fxsr, ht, mmx, 3dnowpref, sse, sse2, sse3, ssse3, sse4.1, sse4.2, popcnt, lzcnt, tsc, tscinvbit, avx, avx2, aes, erms, clmul, bmi1, bmi2, adx, fma, vzeroupper, clflush, clflushopt
CPU Model and flags from /proc/cpuinfo:
model name	: Intel(R) Core(TM) i7-6700 CPU @ 3.40GHz
flags		: fpu vme de pse tsc msr pae mce cx8 apic sep mtrr pge mca cmov pat pse36 clflush dts acpi mmx fxsr sse sse2 ss ht tm pbe syscall nx pdpe1gb rdtscp lm constant_tsc art arch_perfmon pebs bts rep_good nopl xtopology nonstop_tsc cpuid aperfmperf pni pclmulqdq dtes64 monitor ds_cpl vmx smx est tm2 ssse3 sdbg fma cx16 xtpr pdcm pcid sse4_1 sse4_2 x2apic movbe popcnt tsc_deadline_timer aes xsave avx f16c rdrand lahf_lm abm 3dnowprefetch cpuid_fault invpcid_single pti ssbd ibrs ibpb stibp tpr_shadow vnmi flexpriority ept vpid ept_ad fsgsbase tsc_adjust bmi1 avx2 smep bmi2 erms invpcid mpx rdseed adx smap clflushopt intel_pt xsaveopt xsavec xgetbv1 xsaves dtherm ida arat pln pts hwp hwp_notify hwp_act_window hwp_epp md_clear flush_l1d arch_capabilities

Online cpus: 0-7
Offline cpus: 
BIOS frequency limitation: <Not Available>
Frequency switch latency (ns): 0
Available cpu frequencies: <Not Available>
Current governor: powersave
Core performance/turbo boost: <Not Available>

Memory: 4k page, physical 16186084k(168452k free), swap 10485756k(10479356k free)
Page Sizes: 4k

vm_info: OpenJDK 64-Bit Server VM (17.0.4.1+1) for linux-amd64 JRE (17.0.4.1+1), built on Aug 12 2022 00:00:00 by "temurin" with gcc 10.3.0

END.
