#
# There is insufficient memory for the Java Runtime Environment to continue.
# Cannot create worker GC thread. Out of system resources.
# Possible reasons:
#   The system is out of physical RAM or swap space
#   The process is running with CompressedOops enabled, and the Java Heap may be blocking the growth of the native heap
# Possible solutions:
#   Reduce memory load on the system
#   Increase physical memory or swap space
#   Check if swap backing store is full
#   Decrease Java heap size (-Xmx/-Xms)
#   Decrease number of Java threads
#   Decrease Java thread stack sizes (-Xss)
#   Set larger code cache with -XX:ReservedCodeCacheSize=
#   JVM is running with Unscaled Compressed Oops mode in which the Java heap is
#     placed in the first 4GB address space. The Java Heap base address is the
#     maximum limit for the native heap growth. Please use -XX:HeapBaseMinAddress
#     to set the Java Heap base and to place the Java Heap above 4GB virtual address.
# This output file may be truncated or incomplete.
#
#  Out of Memory Error (workerManager.hpp:87), pid=121819, tid=121819
#
# JRE version:  (17.0.4.1+1) (build )
# Java VM: OpenJDK 64-Bit Server VM (17.0.4.1+1, mixed mode, sharing, tiered, compressed oops, compressed class ptrs, parallel gc, linux-amd64)
# No core dump will be written. Core dumps have been disabled. To enable core dumping, try "ulimit -c unlimited" before starting Java again
#

---------------  S U M M A R Y ------------

Command Line: --add-modules=ALL-SYSTEM --add-opens=java.base/java.util=ALL-UNNAMED --add-opens=java.base/java.lang=ALL-UNNAMED --add-opens=java.base/sun.nio.fs=ALL-UNNAMED -Declipse.application=org.eclipse.jdt.ls.core.id1 -Dosgi.bundles.defaultStartLevel=4 -Declipse.product=org.eclipse.jdt.ls.core.product -Djava.import.generatesMetadataFilesAtProjectRoot=false -Dfile.encoding=utf8 -XX:+UseParallelGC -XX:GCTimeRatio=4 -XX:AdaptiveSizePolicyWeight=90 -Dsun.zip.disableMemoryMapping=true -Xmx1G -Xms100m -Xlog:disable -javaagent:/afs/ms/u/b/bohatovz/.vscode/extensions/redhat.java-1.11.0-linux-x64/lombok/lombok-1.18.24.jar -XX:+HeapDumpOnOutOfMemoryError -XX:HeapDumpPath=/afs/ms/u/b/bohatovz/.config/Code/User/workspaceStorage/553541d936c11a26dd9373cf7dd44114/redhat.java /afs/ms.mff.cuni.cz/u/b/bohatovz/.vscode/extensions/redhat.java-1.11.0-linux-x64/server/plugins/org.eclipse.equinox.launcher_1.6.400.v20210924-0641.jar -configuration /afs/ms/u/b/bohatovz/.config/Code/User/globalStorage/redhat.java/1.11.0/config_linux -data /afs/ms/u/b/bohatovz/.config/Code/User/workspaceStorage/553541d936c11a26dd9373cf7dd44114/redhat.java/jdt_ws

Host: Intel(R) Core(TM) i7-6700 CPU @ 3.40GHz, 8 cores, 15G, DISTRIB_ID="Gentoo"
Time: Tue Oct  4 15:50:30 2022 CEST elapsed time: 0.004205 seconds (0d 0h 0m 0s)

---------------  T H R E A D  ---------------

Current thread (0x000055de608cf6a0):  JavaThread "Unknown thread" [_thread_in_vm, id=121819, stack(0x00007fffeceed000,0x00007fffed6e9000)]

Stack: [0x00007fffeceed000,0x00007fffed6e9000],  sp=0x00007fffed6e4010,  free space=8156k
Native frames: (J=compiled Java code, j=interpreted, Vv=VM code, C=native code)
V  [libjvm.so+0xed8f51]  VMError::report_and_die(int, char const*, char const*, __va_list_tag*, Thread*, unsigned char*, void*, void*, char const*, int, unsigned long)+0x1a1
V  [libjvm.so+0xed9b1d]  VMError::report_and_die(Thread*, char const*, int, unsigned long, VMErrorType, char const*, __va_list_tag*)+0x2d
V  [libjvm.so+0x603823]  report_vm_out_of_memory(char const*, int, unsigned long, VMErrorType, char const*, ...)+0xc3
V  [libjvm.so+0xf0d14f]  WorkerManager::add_workers(WorkGang*, unsigned int, unsigned int, unsigned int, os::ThreadType, bool)+0x18f
V  [libjvm.so+0xf0d2ea]  WorkGang::initialize_workers()+0x4a
V  [libjvm.so+0xc32ead]  ParallelScavengeHeap::initialize()+0x15d
V  [libjvm.so+0xe87502]  universe_init()+0xd2
V  [libjvm.so+0x7f5bd7]  init_globals()+0x37
V  [libjvm.so+0xe5e6f0]  Threads::create_vm(JavaVMInitArgs*, bool*)+0x3a0
V  [libjvm.so+0x8b3122]  JNI_CreateJavaVM+0x52
C  [libjli.so+0x4a1f]  JavaMain+0x8f
C  [libjli.so+0x9a90]  CallJavaMainInNewThread+0xb0
C  [libjli.so+0x6a0d]  ContinueInNewThread+0x5d
C  [libjli.so+0x8166]  JLI_Launch+0x1566
C  [java+0x1203]  main+0x123


---------------  P R O C E S S  ---------------

Threads class SMR info:
_java_thread_list=0x00007f0481f263a0, length=0, elements={
}

Java Threads: ( => current thread )

Other Threads:

=>0x000055de608cf6a0 (exited) JavaThread "Unknown thread" [_thread_in_vm, id=121819, stack(0x00007fffeceed000,0x00007fffed6e9000)]

Threads with active compile tasks:

VM state: not at safepoint (not fully initialized)

VM Mutex/Monitor currently owned by a thread: None

Heap address: 0x00000000c0000000, size: 1024 MB, Compressed Oops mode: 32-bit

CDS archive(s) mapped at: [0x0000000000000000-0x0000000000000000-0x0000000000000000), size 0, SharedBaseAddress: 0x0000000800000000, ArchiveRelocationMode: 0.
Narrow klass base: 0x0000000000000000, Narrow klass shift: 0, Narrow klass range: 0x0

GC Precious Log:
<Empty>

Heap:

[error occurred during error reporting (printing heap information), id 0xb, SIGSEGV (0xb) at pc=0x00007f04818aba0a]

GC Heap History (0 events):
No events

Deoptimization events (0 events):
No events

Classes unloaded (0 events):
No events

Classes redefined (0 events):
No events

Internal exceptions (0 events):
No events

VM Operations (0 events):
No events

Events (2 events):
Event: 0.002 Protecting memory [0x00007fffeceed000,0x00007fffecef1000] with protection modes 0
Event: 0.003 Loaded shared library /afs/ms.mff.cuni.cz/u/b/bohatovz/.vscode/extensions/redhat.java-1.11.0-linux-x64/jre/17.0.4.1-linux-x86_64/lib/libjava.so


Dynamic libraries:
c0000000-100000000 ---p 00000000 00:00 0 
55de5f811000-55de5f812000 r--p 00000000 00:1f 984693784                  /afs/ms.mff.cuni.cz/u/b/bohatovz/.vscode/extensions/redhat.java-1.11.0-linux-x64/jre/17.0.4.1-linux-x86_64/bin/java
55de5f812000-55de5f813000 r-xp 00001000 00:1f 984693784                  /afs/ms.mff.cuni.cz/u/b/bohatovz/.vscode/extensions/redhat.java-1.11.0-linux-x64/jre/17.0.4.1-linux-x86_64/bin/java
55de5f813000-55de5f814000 r--p 00002000 00:1f 984693784                  /afs/ms.mff.cuni.cz/u/b/bohatovz/.vscode/extensions/redhat.java-1.11.0-linux-x64/jre/17.0.4.1-linux-x86_64/bin/java
55de5f814000-55de5f815000 r--p 00002000 00:1f 984693784                  /afs/ms.mff.cuni.cz/u/b/bohatovz/.vscode/extensions/redhat.java-1.11.0-linux-x64/jre/17.0.4.1-linux-x86_64/bin/java
55de5f815000-55de5f816000 rw-p 00003000 00:1f 984693784                  /afs/ms.mff.cuni.cz/u/b/bohatovz/.vscode/extensions/redhat.java-1.11.0-linux-x64/jre/17.0.4.1-linux-x86_64/bin/java
55de60894000-55de60912000 rw-p 00000000 00:00 0                          [heap]
7f046e494000-7f046e87f000 rw-p 00000000 00:00 0 
7f046e87f000-7f046e880000 ---p 00000000 00:00 0 
7f046e880000-7f046e981000 rw-p 00000000 00:00 0 
7f046e981000-7f046eb81000 ---p 00000000 00:00 0 
7f046eb81000-7f046eb87000 rw-p 00000000 00:00 0 
7f046eb87000-7f046ec6d000 ---p 00000000 00:00 0 
7f046ec6d000-7f046ec72000 rw-p 00000000 00:00 0 
7f046ec72000-7f046ed58000 ---p 00000000 00:00 0 
7f046ed58000-7f046efc8000 rwxp 00000000 00:00 0 
7f046efc8000-7f046f2ea000 ---p 00000000 00:00 0 
7f046f2ea000-7f046f55a000 rwxp 00000000 00:00 0 
7f046f55a000-7f0476821000 ---p 00000000 00:00 0 
7f0476821000-7f0476a91000 rwxp 00000000 00:00 0 
7f0476a91000-7f047dd58000 ---p 00000000 00:00 0 
7f047dd58000-7f047de04000 r--s 00000000 08:06 3539732                    /var/db/nscd/passwd
7f047de04000-7f0480a14000 r--s 00000000 00:1f 984694576                  /afs/ms.mff.cuni.cz/u/b/bohatovz/.vscode/extensions/redhat.java-1.11.0-linux-x64/jre/17.0.4.1-linux-x86_64/lib/modules
7f0480a14000-7f0480b14000 rw-p 00000000 00:00 0 
7f0480b14000-7f0480b22000 r--p 00000000 08:06 3158002                    /lib64/libm.so.6
7f0480b22000-7f0480b91000 r-xp 0000e000 08:06 3158002                    /lib64/libm.so.6
7f0480b91000-7f0480bed000 r--p 0007d000 08:06 3158002                    /lib64/libm.so.6
7f0480bed000-7f0480bee000 r--p 000d8000 08:06 3158002                    /lib64/libm.so.6
7f0480bee000-7f0480bef000 rw-p 000d9000 08:06 3158002                    /lib64/libm.so.6
7f0480bef000-7f0480bf0000 r--p 00000000 08:06 3158868                    /lib64/librt.so.1
7f0480bf0000-7f0480bf1000 r-xp 00001000 08:06 3158868                    /lib64/librt.so.1
7f0480bf1000-7f0480bf2000 r--p 00002000 08:06 3158868                    /lib64/librt.so.1
7f0480bf2000-7f0480bf3000 r--p 00002000 08:06 3158868                    /lib64/librt.so.1
7f0480bf3000-7f0480bf4000 rw-p 00003000 08:06 3158868                    /lib64/librt.so.1
7f0480bf4000-7f0480e45000 r--p 00000000 00:1f 984695412                  /afs/ms.mff.cuni.cz/u/b/bohatovz/.vscode/extensions/redhat.java-1.11.0-linux-x64/jre/17.0.4.1-linux-x86_64/lib/server/libjvm.so
7f0480e45000-7f0481b5e000 r-xp 00251000 00:1f 984695412                  /afs/ms.mff.cuni.cz/u/b/bohatovz/.vscode/extensions/redhat.java-1.11.0-linux-x64/jre/17.0.4.1-linux-x86_64/lib/server/libjvm.so
7f0481b5e000-7f0481de9000 r--p 00f6a000 00:1f 984695412                  /afs/ms.mff.cuni.cz/u/b/bohatovz/.vscode/extensions/redhat.java-1.11.0-linux-x64/jre/17.0.4.1-linux-x86_64/lib/server/libjvm.so
7f0481de9000-7f0481ea2000 r--p 011f4000 00:1f 984695412                  /afs/ms.mff.cuni.cz/u/b/bohatovz/.vscode/extensions/redhat.java-1.11.0-linux-x64/jre/17.0.4.1-linux-x86_64/lib/server/libjvm.so
7f0481ea2000-7f0481ed7000 rw-p 012ad000 00:1f 984695412                  /afs/ms.mff.cuni.cz/u/b/bohatovz/.vscode/extensions/redhat.java-1.11.0-linux-x64/jre/17.0.4.1-linux-x86_64/lib/server/libjvm.so
7f0481ed7000-7f0481f34000 rw-p 00000000 00:00 0 
7f0481f34000-7f0481f5c000 r--p 00000000 08:06 3148149                    /lib64/libc.so.6
7f0481f5c000-7f04820cc000 r-xp 00028000 08:06 3148149                    /lib64/libc.so.6
7f04820cc000-7f0482124000 r--p 00198000 08:06 3148149                    /lib64/libc.so.6
7f0482124000-7f0482125000 ---p 001f0000 08:06 3148149                    /lib64/libc.so.6
7f0482125000-7f0482129000 r--p 001f0000 08:06 3148149                    /lib64/libc.so.6
7f0482129000-7f048212b000 rw-p 001f4000 08:06 3148149                    /lib64/libc.so.6
7f048212b000-7f0482138000 rw-p 00000000 00:00 0 
7f0482138000-7f0482139000 r--p 00000000 08:06 3157875                    /lib64/libdl.so.2
7f0482139000-7f048213a000 r-xp 00001000 08:06 3157875                    /lib64/libdl.so.2
7f048213a000-7f048213b000 r--p 00002000 08:06 3157875                    /lib64/libdl.so.2
7f048213b000-7f048213c000 r--p 00002000 08:06 3157875                    /lib64/libdl.so.2
7f048213c000-7f048213d000 rw-p 00003000 08:06 3157875                    /lib64/libdl.so.2
7f048213d000-7f048213e000 r--p 00000000 08:06 3148297                    /lib64/libpthread.so.0
7f048213e000-7f048213f000 r-xp 00001000 08:06 3148297                    /lib64/libpthread.so.0
7f048213f000-7f0482140000 r--p 00002000 08:06 3148297                    /lib64/libpthread.so.0
7f0482140000-7f0482141000 r--p 00002000 08:06 3148297                    /lib64/libpthread.so.0
7f0482141000-7f0482142000 rw-p 00003000 08:06 3148297                    /lib64/libpthread.so.0
7f0482142000-7f0482145000 r--p 00000000 00:1f 984694542                  /afs/ms.mff.cuni.cz/u/b/bohatovz/.vscode/extensions/redhat.java-1.11.0-linux-x64/jre/17.0.4.1-linux-x86_64/lib/libjli.so
7f0482145000-7f048214f000 r-xp 00003000 00:1f 984694542                  /afs/ms.mff.cuni.cz/u/b/bohatovz/.vscode/extensions/redhat.java-1.11.0-linux-x64/jre/17.0.4.1-linux-x86_64/lib/libjli.so
7f048214f000-7f0482152000 r--p 0000d000 00:1f 984694542                  /afs/ms.mff.cuni.cz/u/b/bohatovz/.vscode/extensions/redhat.java-1.11.0-linux-x64/jre/17.0.4.1-linux-x86_64/lib/libjli.so
7f0482152000-7f0482153000 ---p 00010000 00:1f 984694542                  /afs/ms.mff.cuni.cz/u/b/bohatovz/.vscode/extensions/redhat.java-1.11.0-linux-x64/jre/17.0.4.1-linux-x86_64/lib/libjli.so
7f0482153000-7f0482154000 r--p 00010000 00:1f 984694542                  /afs/ms.mff.cuni.cz/u/b/bohatovz/.vscode/extensions/redhat.java-1.11.0-linux-x64/jre/17.0.4.1-linux-x86_64/lib/libjli.so
7f0482154000-7f0482155000 rw-p 00011000 00:1f 984694542                  /afs/ms.mff.cuni.cz/u/b/bohatovz/.vscode/extensions/redhat.java-1.11.0-linux-x64/jre/17.0.4.1-linux-x86_64/lib/libjli.so
7f0482155000-7f0482158000 r--p 00000000 08:06 3148971                    /lib64/libz.so.1.2.12
7f0482158000-7f0482167000 r-xp 00003000 08:06 3148971                    /lib64/libz.so.1.2.12
7f0482167000-7f048216e000 r--p 00012000 08:06 3148971                    /lib64/libz.so.1.2.12
7f048216e000-7f048216f000 r--p 00018000 08:06 3148971                    /lib64/libz.so.1.2.12
7f048216f000-7f0482170000 rw-p 00019000 08:06 3148971                    /lib64/libz.so.1.2.12
7f048217c000-7f0482181000 rw-p 00000000 00:00 0 
7f0482181000-7f0482188000 ---p 00000000 00:00 0 
7f0482188000-7f0482190000 rw-s 00000000 08:06 3277822                    /tmp/hsperfdata_bohatovz/121819
7f0482190000-7f048219d000 r--p 00000000 00:1f 984694524                  /afs/ms.mff.cuni.cz/u/b/bohatovz/.vscode/extensions/redhat.java-1.11.0-linux-x64/jre/17.0.4.1-linux-x86_64/lib/libjava.so
7f048219d000-7f04821af000 r-xp 0000d000 00:1f 984694524                  /afs/ms.mff.cuni.cz/u/b/bohatovz/.vscode/extensions/redhat.java-1.11.0-linux-x64/jre/17.0.4.1-linux-x86_64/lib/libjava.so
7f04821af000-7f04821b5000 r--p 0001f000 00:1f 984694524                  /afs/ms.mff.cuni.cz/u/b/bohatovz/.vscode/extensions/redhat.java-1.11.0-linux-x64/jre/17.0.4.1-linux-x86_64/lib/libjava.so
7f04821b5000-7f04821b6000 ---p 00025000 00:1f 984694524                  /afs/ms.mff.cuni.cz/u/b/bohatovz/.vscode/extensions/redhat.java-1.11.0-linux-x64/jre/17.0.4.1-linux-x86_64/lib/libjava.so
7f04821b6000-7f04821b7000 r--p 00025000 00:1f 984694524                  /afs/ms.mff.cuni.cz/u/b/bohatovz/.vscode/extensions/redhat.java-1.11.0-linux-x64/jre/17.0.4.1-linux-x86_64/lib/libjava.so
7f04821b7000-7f04821b8000 rw-p 00026000 00:1f 984694524                  /afs/ms.mff.cuni.cz/u/b/bohatovz/.vscode/extensions/redhat.java-1.11.0-linux-x64/jre/17.0.4.1-linux-x86_64/lib/libjava.so
7f04821b8000-7f04821b9000 rw-p 00000000 00:00 0 
7f04821b9000-7f04821bb000 r--p 00000000 00:1f 984694506                  /afs/ms.mff.cuni.cz/u/b/bohatovz/.vscode/extensions/redhat.java-1.11.0-linux-x64/jre/17.0.4.1-linux-x86_64/lib/libinstrument.so
7f04821bb000-7f04821c1000 r-xp 00002000 00:1f 984694506                  /afs/ms.mff.cuni.cz/u/b/bohatovz/.vscode/extensions/redhat.java-1.11.0-linux-x64/jre/17.0.4.1-linux-x86_64/lib/libinstrument.so
7f04821c1000-7f04821c4000 r--p 00008000 00:1f 984694506                  /afs/ms.mff.cuni.cz/u/b/bohatovz/.vscode/extensions/redhat.java-1.11.0-linux-x64/jre/17.0.4.1-linux-x86_64/lib/libinstrument.so
7f04821c4000-7f04821c5000 r--p 0000a000 00:1f 984694506                  /afs/ms.mff.cuni.cz/u/b/bohatovz/.vscode/extensions/redhat.java-1.11.0-linux-x64/jre/17.0.4.1-linux-x86_64/lib/libinstrument.so
7f04821c5000-7f04821c6000 rw-p 0000b000 00:1f 984694506                  /afs/ms.mff.cuni.cz/u/b/bohatovz/.vscode/extensions/redhat.java-1.11.0-linux-x64/jre/17.0.4.1-linux-x86_64/lib/libinstrument.so
7f04821c6000-7f04821c7000 ---p 00000000 00:00 0 
7f04821c7000-7f04821c8000 r--p 00000000 00:00 0 
7f04821c8000-7f04821cc000 r--p 00000000 00:1f 984694540                  /afs/ms.mff.cuni.cz/u/b/bohatovz/.vscode/extensions/redhat.java-1.11.0-linux-x64/jre/17.0.4.1-linux-x86_64/lib/libjimage.so
7f04821cc000-7f04821df000 r-xp 00004000 00:1f 984694540                  /afs/ms.mff.cuni.cz/u/b/bohatovz/.vscode/extensions/redhat.java-1.11.0-linux-x64/jre/17.0.4.1-linux-x86_64/lib/libjimage.so
7f04821df000-7f04821e5000 r--p 00017000 00:1f 984694540                  /afs/ms.mff.cuni.cz/u/b/bohatovz/.vscode/extensions/redhat.java-1.11.0-linux-x64/jre/17.0.4.1-linux-x86_64/lib/libjimage.so
7f04821e5000-7f04821e7000 r--p 0001c000 00:1f 984694540                  /afs/ms.mff.cuni.cz/u/b/bohatovz/.vscode/extensions/redhat.java-1.11.0-linux-x64/jre/17.0.4.1-linux-x86_64/lib/libjimage.so
7f04821e7000-7f04821e8000 rw-p 0001e000 00:1f 984694540                  /afs/ms.mff.cuni.cz/u/b/bohatovz/.vscode/extensions/redhat.java-1.11.0-linux-x64/jre/17.0.4.1-linux-x86_64/lib/libjimage.so
7f04821e8000-7f04821ea000 rw-p 00000000 00:00 0 
7f04821ea000-7f04821ec000 r--p 00000000 08:06 3146281                    /lib64/ld-linux-x86-64.so.2
7f04821ec000-7f0482212000 r-xp 00002000 08:06 3146281                    /lib64/ld-linux-x86-64.so.2
7f0482212000-7f048221d000 r--p 00028000 08:06 3146281                    /lib64/ld-linux-x86-64.so.2
7f048221d000-7f048221e000 ---p 00000000 00:00 0 
7f048221e000-7f0482220000 r--p 00033000 08:06 3146281                    /lib64/ld-linux-x86-64.so.2
7f0482220000-7f0482222000 rw-p 00035000 08:06 3146281                    /lib64/ld-linux-x86-64.so.2
7fffeceed000-7fffecef1000 ---p 00000000 00:00 0 
7fffed6ca000-7fffed6ed000 rw-p 00000000 00:00 0                          [stack]
7fffed7d6000-7fffed7da000 r--p 00000000 00:00 0                          [vvar]
7fffed7da000-7fffed7db000 r-xp 00000000 00:00 0                          [vdso]
ffffffffff600000-ffffffffff601000 --xp 00000000 00:00 0                  [vsyscall]


VM Arguments:
jvm_args: --add-modules=ALL-SYSTEM --add-opens=java.base/java.util=ALL-UNNAMED --add-opens=java.base/java.lang=ALL-UNNAMED --add-opens=java.base/sun.nio.fs=ALL-UNNAMED -Declipse.application=org.eclipse.jdt.ls.core.id1 -Dosgi.bundles.defaultStartLevel=4 -Declipse.product=org.eclipse.jdt.ls.core.product -Djava.import.generatesMetadataFilesAtProjectRoot=false -Dfile.encoding=utf8 -XX:+UseParallelGC -XX:GCTimeRatio=4 -XX:AdaptiveSizePolicyWeight=90 -Dsun.zip.disableMemoryMapping=true -Xmx1G -Xms100m -Xlog:disable -javaagent:/afs/ms/u/b/bohatovz/.vscode/extensions/redhat.java-1.11.0-linux-x64/lombok/lombok-1.18.24.jar -XX:+HeapDumpOnOutOfMemoryError -XX:HeapDumpPath=/afs/ms/u/b/bohatovz/.config/Code/User/workspaceStorage/553541d936c11a26dd9373cf7dd44114/redhat.java 
java_command: /afs/ms.mff.cuni.cz/u/b/bohatovz/.vscode/extensions/redhat.java-1.11.0-linux-x64/server/plugins/org.eclipse.equinox.launcher_1.6.400.v20210924-0641.jar -configuration /afs/ms/u/b/bohatovz/.config/Code/User/globalStorage/redhat.java/1.11.0/config_linux -data /afs/ms/u/b/bohatovz/.config/Code/User/workspaceStorage/553541d936c11a26dd9373cf7dd44114/redhat.java/jdt_ws
java_class_path (initial): /afs/ms.mff.cuni.cz/u/b/bohatovz/.vscode/extensions/redhat.java-1.11.0-linux-x64/server/plugins/org.eclipse.equinox.launcher_1.6.400.v20210924-0641.jar
Launcher Type: SUN_STANDARD

[Global flags]
    uintx AdaptiveSizePolicyWeight                 = 90                                        {product} {command line}
     intx CICompilerCount                          = 4                                         {product} {ergonomic}
    uintx GCTimeRatio                              = 4                                         {product} {command line}
     bool HeapDumpOnOutOfMemoryError               = true                                   {manageable} {command line}
    ccstr HeapDumpPath                             = /afs/ms/u/b/bohatovz/.config/Code/User/workspaceStorage/553541d936c11a26dd9373cf7dd44114/redhat.java         {manageable} {command line}
   size_t InitialHeapSize                          = 104857600                                 {product} {command line}
   size_t MaxHeapSize                              = 1073741824                                {product} {command line}
   size_t MaxNewSize                               = 357564416                                 {product} {ergonomic}
   size_t MinHeapDeltaBytes                        = 524288                                    {product} {ergonomic}
   size_t MinHeapSize                              = 104857600                                 {product} {command line}
   size_t NewSize                                  = 34603008                                  {product} {ergonomic}
    uintx NonNMethodCodeHeapSize                   = 5839372                                {pd product} {ergonomic}
    uintx NonProfiledCodeHeapSize                  = 122909434                              {pd product} {ergonomic}
   size_t OldSize                                  = 70254592                                  {product} {ergonomic}
    uintx ProfiledCodeHeapSize                     = 122909434                              {pd product} {ergonomic}
    uintx ReservedCodeCacheSize                    = 251658240                              {pd product} {ergonomic}
     bool SegmentedCodeCache                       = true                                      {product} {ergonomic}
   size_t SoftMaxHeapSize                          = 1073741824                             {manageable} {ergonomic}
     bool UseCompressedClassPointers               = true                           {product lp64_product} {ergonomic}
     bool UseCompressedOops                        = true                           {product lp64_product} {ergonomic}
     bool UseParallelGC                            = true                                      {product} {command line}

Logging:
Log output configuration:
 #0: stdout all=off uptime,level,tags
 #1: stderr all=off uptime,level,tags

Environment Variables:
JAVA_HOME=/etc/java-config-2/current-system-vm
PATH=/afs/ms/@sys/bin:/usr/afsws/bin:/usr/local/sbin:/usr/local/bin:/usr/sbin:/usr/bin:/sbin:/bin:/opt/bin:/usr/lib/llvm/15/bin:/usr/lib/llvm/14/bin:/usr/lib/llvm/13/bin:/opt/android-sdk/tools:/opt/android-sdk/platform-tools:/opt/nvidia-cg-toolkit/bin:/usr/lib64/subversion/bin:/opt/cuda/bin:/usr/lib64/opencascade/bin:/var/lib/bin:/etc/java-config-2/current-system-vm/bin
LD_LIBRARY_PATH=/afs/ms/@sys/lib:/usr/afsws/lib
SHELL=/bin/bash
DISPLAY=:0.0
LC_CTYPE=cs_CZ.UTF-8
TMPDIR=/tmp/u/bohatovz
TMP=/tmp/u/bohatovz

Signal Handlers:
   SIGSEGV: crash_handler in libjvm.so, mask=11100100010111111101111111111110, flags=SA_RESTART|SA_SIGINFO
    SIGBUS: crash_handler in libjvm.so, mask=11100100010111111101111111111110, flags=SA_RESTART|SA_SIGINFO
    SIGFPE: crash_handler in libjvm.so, mask=11100100010111111101111111111110, flags=SA_RESTART|SA_SIGINFO
   SIGPIPE: javaSignalHandler in libjvm.so, mask=11100100010111111101111111111110, flags=SA_RESTART|SA_SIGINFO
   SIGXFSZ: javaSignalHandler in libjvm.so, mask=11100100010111111101111111111110, flags=SA_RESTART|SA_SIGINFO
    SIGILL: crash_handler in libjvm.so, mask=11100100010111111101111111111110, flags=SA_RESTART|SA_SIGINFO
   SIGUSR2: SR_handler in libjvm.so, mask=00000000000000000000000000000000, flags=SA_RESTART|SA_SIGINFO
    SIGHUP: SIG_DFL, mask=00000000000000000000000000000000, flags=none
    SIGINT: SIG_DFL, mask=00000000000000000000000000000000, flags=none
   SIGTERM: SIG_DFL, mask=00000000000000000000000000000000, flags=none
   SIGQUIT: javaSignalHandler in libjvm.so, mask=11100100010111111101111111111110, flags=SA_RESTART|SA_SIGINFO
   SIGTRAP: crash_handler in libjvm.so, mask=11100100010111111101111111111110, flags=SA_RESTART|SA_SIGINFO


---------------  S Y S T E M  ---------------

OS:
DISTRIB_ID="Gentoo"
uname: Linux 5.15.69 #1 SMP PREEMPT Wed Sep 21 17:56:45 CEST 2022 x86_64
OS uptime: 10 days 15:20 hours
libc: glibc 2.35 NPTL 2.35 
rlimit (soft/hard): STACK 8192k/infinity , CORE 0k/infinity , NPROC 1000/63170 , NOFILE 8192/8192 , AS infinity/infinity , CPU 7200/infinity , DATA infinity/infinity , FSIZE infinity/infinity , MEMLOCK 40960k/1048576k
load average: 1.94 0.85 0.54

/proc/meminfo:
MemTotal:       16186084 kB
MemFree:          178004 kB
MemAvailable:   11972236 kB
Buffers:         1990900 kB
Cached:          6429896 kB
SwapCached:          116 kB
Active:          3514464 kB
Inactive:        6857032 kB
Active(anon):      15340 kB
Inactive(anon):  2594488 kB
Active(file):    3499124 kB
Inactive(file):  4262544 kB
Unevictable:      414148 kB
Mlocked:           13016 kB
SwapTotal:      10485756 kB
SwapFree:       10479356 kB
Dirty:               220 kB
Writeback:             0 kB
AnonPages:       2307404 kB
Mapped:           769160 kB
Shmem:            644720 kB
KReclaimable:    4370068 kB
Slab:            4527256 kB
SReclaimable:    4370068 kB
SUnreclaim:       157188 kB
KernelStack:       20112 kB
PageTables:        55244 kB
NFS_Unstable:          0 kB
Bounce:                0 kB
WritebackTmp:          0 kB
CommitLimit:    18578796 kB
Committed_AS:   13486468 kB
VmallocTotal:   34359738367 kB
VmallocUsed:      552288 kB
VmallocChunk:          0 kB
Percpu:             2432 kB
AnonHugePages:    344064 kB
ShmemHugePages:        0 kB
ShmemPmdMapped:        0 kB
FileHugePages:         0 kB
FilePmdMapped:         0 kB
CmaTotal:              0 kB
CmaFree:               0 kB
HugePages_Total:       0
HugePages_Free:        0
HugePages_Rsvd:        0
HugePages_Surp:        0
Hugepagesize:       2048 kB
Hugetlb:               0 kB
DirectMap4k:      848588 kB
DirectMap2M:    13611008 kB
DirectMap1G:     2097152 kB

/sys/kernel/mm/transparent_hugepage/enabled: [always] madvise never
/sys/kernel/mm/transparent_hugepage/defrag (defrag/compaction efforts parameter): always defer defer+madvise [madvise] never

Process Memory:
Virtual Size: 1374404K (peak: 1374404K)
Resident Set Size: 17480K (peak: 17480K) (anon: 5596K, file: 11884K, shmem: 0K)
Swapped out: 0K
C-Heap outstanding allocations: 4395K, retained: 120K
glibc malloc tunables: (default)

/proc/sys/kernel/threads-max (system-wide limit on the number of threads): 126341
/proc/sys/vm/max_map_count (maximum number of memory map areas a process may have): 65530
/proc/sys/kernel/pid_max (system-wide limit on number of process identifiers): 257256

container information not found.
Steal ticks since vm start: 0
Steal ticks percentage since vm start:  0.000

CPU: total 8 (initial active 8) (4 cores per cpu, 2 threads per core) family 6 model 94 stepping 3 microcode 0xf0, cx8, cmov, fxsr, ht, mmx, 3dnowpref, sse, sse2, sse3, ssse3, sse4.1, sse4.2, popcnt, lzcnt, tsc, tscinvbit, avx, avx2, aes, erms, clmul, bmi1, bmi2, adx, fma, vzeroupper, clflush, clflushopt
CPU Model and flags from /proc/cpuinfo:
model name	: Intel(R) Core(TM) i7-6700 CPU @ 3.40GHz
flags		: fpu vme de pse tsc msr pae mce cx8 apic sep mtrr pge mca cmov pat pse36 clflush dts acpi mmx fxsr sse sse2 ss ht tm pbe syscall nx pdpe1gb rdtscp lm constant_tsc art arch_perfmon pebs bts rep_good nopl xtopology nonstop_tsc cpuid aperfmperf pni pclmulqdq dtes64 monitor ds_cpl vmx smx est tm2 ssse3 sdbg fma cx16 xtpr pdcm pcid sse4_1 sse4_2 x2apic movbe popcnt tsc_deadline_timer aes xsave avx f16c rdrand lahf_lm abm 3dnowprefetch cpuid_fault invpcid_single pti ssbd ibrs ibpb stibp tpr_shadow vnmi flexpriority ept vpid ept_ad fsgsbase tsc_adjust bmi1 avx2 smep bmi2 erms invpcid mpx rdseed adx smap clflushopt intel_pt xsaveopt xsavec xgetbv1 xsaves dtherm ida arat pln pts hwp hwp_notify hwp_act_window hwp_epp md_clear flush_l1d arch_capabilities

Online cpus: 0-7
Offline cpus: 
BIOS frequency limitation: <Not Available>
Frequency switch latency (ns): 0
Available cpu frequencies: <Not Available>
Current governor: powersave
Core performance/turbo boost: <Not Available>

Memory: 4k page, physical 16186084k(178004k free), swap 10485756k(10479356k free)
Page Sizes: 4k

vm_info: OpenJDK 64-Bit Server VM (17.0.4.1+1) for linux-amd64 JRE (17.0.4.1+1), built on Aug 12 2022 00:00:00 by "temurin" with gcc 10.3.0

END.
